Arguments: 
  /usr/local/bin/node /home/tamnt/.yarn/releases/yarn-1.22.19.cjs publish

PATH: 
  /home/tamnt/.bun/bin:/home/tamnt/.fly/bin:/home/tamnt/.fly/bin:/usr/local/sbin:/usr/local/bin:/usr/sbin:/usr/bin:/sbin:/bin:/usr/games:/usr/local/games:/snap/bin:/snap/bin

Yarn version: 
  1.22.19

Node version: 
  18.16.0

Platform: 
  linux x64

Trace: 
  SyntaxError: /home/tamnt/Documents/code-base/library/data-mapper/package.json: Unexpected token } in JSON at position 398
      at JSON.parse (<anonymous>)
      at /home/tamnt/.yarn/releases/yarn-1.22.19.cjs:1104:57
      at Generator.next (<anonymous>)
      at step (/home/tamnt/.yarn/releases/yarn-1.22.19.cjs:310:30)
      at /home/tamnt/.yarn/releases/yarn-1.22.19.cjs:321:13

npm manifest: 
  {
    "name": "@tamnt-work/data-mapper",
    "version": "1.0.0",
    "main": "index.js",
    "license": "MIT",
    "scripts": {
      "build": "tsc",
      "publish": "npm publish --access=public"
    },
    "keywords": [
      "data-mapper",
      "typescript",
      "data-transformer"
    ],
    "author": {
      "name": "TamNT",
      "email": "contact@tamnt.work"
    },
    "devDependencies": {
      "typescript": "^5.4.2"
    },
  }

yarn manifest: 
  No manifest

Lockfile: 
  # THIS IS AN AUTOGENERATED FILE. DO NOT EDIT THIS FILE DIRECTLY.
  # yarn lockfile v1
  
  
  typescript@^5.4.2:
    version "5.4.2"
    resolved "https://registry.yarnpkg.com/typescript/-/typescript-5.4.2.tgz#0ae9cebcfae970718474fe0da2c090cad6577372"
    integrity sha512-+2/g0Fds1ERlP6JsakQQDXjZdZMM+rqpamFZJEKh4kwTIn3iDkgKtby0CeNd5ATNZ4Ry1ax15TMx0W2V+miizQ==
